2021-11-17 02:41:50.457  INFO 10500 --- [main] c.d.quizapi.clients.AppControllerTest    : Starting AppControllerTest using Java 13.0.7 on Aniefioks-MacBook-Air.local with PID 10500 (started by zanio in /Users/zanio/Documents/www/learning/quizApi)
2021-11-17 02:41:50.458  INFO 10500 --- [main] c.d.quizapi.clients.AppControllerTest    : The following profiles are active: test
2021-11-17 02:41:51.008  INFO 10500 --- [main] .s.d.r.c.RepositoryConfigurationDelegate : Bootstrapping Spring Data JPA repositories in DEFAULT mode.
2021-11-17 02:41:51.047  INFO 10500 --- [main] .s.d.r.c.RepositoryConfigurationDelegate : Finished Spring Data repository scanning in 35 ms. Found 5 JPA repository interfaces.
2021-11-17 02:41:51.286  INFO 10500 --- [main] trationDelegate$BeanPostProcessorChecker : Bean 'org.springframework.security.access.expression.method.DefaultMethodSecurityExpressionHandler@37806be6' of type [org.springframework.security.access.expression.method.DefaultMethodSecurityExpressionHandler] is not eligible for getting processed by all BeanPostProcessors (for example: not eligible for auto-proxying)
2021-11-17 02:41:51.295  INFO 10500 --- [main] trationDelegate$BeanPostProcessorChecker : Bean 'methodSecurityMetadataSource' of type [org.springframework.security.access.method.DelegatingMethodSecurityMetadataSource] is not eligible for getting processed by all BeanPostProcessors (for example: not eligible for auto-proxying)
2021-11-17 02:41:51.402  INFO 10500 --- [main] o.hibernate.jpa.internal.util.LogHelper  : HHH000204: Processing PersistenceUnitInfo [name: default]
2021-11-17 02:41:51.430  INFO 10500 --- [main] org.hibernate.Version                    : HHH000412: Hibernate ORM core version 5.4.32.Final
2021-11-17 02:41:51.515  INFO 10500 --- [main] o.hibernate.annotations.common.Version   : HCANN000001: Hibernate Commons Annotations {5.1.2.Final}
2021-11-17 02:41:51.562  INFO 10500 --- [main] com.zaxxer.hikari.HikariDataSource       : HikariPool-1 - Starting...
2021-11-17 02:41:51.666  INFO 10500 --- [main] com.zaxxer.hikari.HikariDataSource       : HikariPool-1 - Start completed.
2021-11-17 02:41:51.677  INFO 10500 --- [main] org.hibernate.dialect.Dialect            : HHH000400: Using dialect: org.hibernate.dialect.PostgreSQLDialect
2021-11-17 02:41:52.355  INFO 10500 --- [main] o.h.e.t.j.p.i.JtaPlatformInitiator       : HHH000490: Using JtaPlatform implementation: [org.hibernate.engine.transaction.jta.platform.internal.NoJtaPlatform]
2021-11-17 02:41:52.361  INFO 10500 --- [main] j.LocalContainerEntityManagerFactoryBean : Initialized JPA EntityManagerFactory for persistence unit 'default'
2021-11-17 02:41:52.630  WARN 10500 --- [main] c.d.q.config.flyway.FlywayConfiguration  : THE APPLICATION PROPERTIES FILE IS AS FOLLOWS::: ==> AppProperties(emailSender=null, awsAccessKey=null, awsSecretKey=null, awsEmail=null, host=null, port=null, username=null, password=null, smtpStarttlsPropertiesEnable=null, smtpPropertiesAuth=null, sslEnabled=null, flywayLocation=migration/test, redisHost=null, redisPort=null, commissionOnDonation=null, transactionFee=null, openExchangeAppId=null, defaultTtl=null, redisDatabase=0, cacheTtl=null, pusher=null, africaTalking=null, rabbitmq=null, placeholders=null)
2021-11-17 02:41:52.647  INFO 10500 --- [main] o.f.c.internal.license.VersionPrinter    : Flyway Community Edition 7.10.0 by Redgate
2021-11-17 02:41:52.667  INFO 10500 --- [main] o.f.c.i.database.base.BaseDatabaseType   : Database: jdbc:postgresql://localhost:5432/quiz_test_db (PostgreSQL 13.3)
2021-11-17 02:41:52.700  INFO 10500 --- [main] o.f.core.internal.command.DbValidate     : Successfully validated 1 migration (execution time 00:00.012s)
2021-11-17 02:41:52.705  INFO 10500 --- [main] o.f.core.internal.command.DbMigrate      : Current version of schema "public": 1
2021-11-17 02:41:52.706  INFO 10500 --- [main] o.f.core.internal.command.DbMigrate      : Schema "public" is up to date. No migration necessary.
2021-11-17 02:41:52.731  WARN 10500 --- [main] JpaBaseConfiguration$JpaWebConfiguration : spring.jpa.open-in-view is enabled by default. Therefore, database queries may be performed during view rendering. Explicitly configure spring.jpa.open-in-view to disable this warning
2021-11-17 02:41:53.073  INFO 10500 --- [main] o.s.s.w.a.c.ChannelProcessingFilter      : Validated configuration attributes
2021-11-17 02:41:53.076  INFO 10500 --- [main] o.s.s.web.DefaultSecurityFilterChain     : Will secure any request with [org.springframework.security.web.access.channel.ChannelProcessingFilter@7244b40e, org.springframework.security.web.context.request.async.WebAsyncManagerIntegrationFilter@6442c2dd, org.springframework.security.web.context.SecurityContextPersistenceFilter@3df79197, org.springframework.security.web.header.HeaderWriterFilter@6019ce4b, org.springframework.web.filter.CorsFilter@3647b274, com.demo.quizapi.services.jwt.JwtUsernameAndPasswordAuthenticationFilter@2a10a99b, com.demo.quizapi.services.jwt.JwtTokenVerifier@51617b93, org.springframework.security.web.savedrequest.RequestCacheAwareFilter@52b7a3e1, org.springframework.security.web.servletapi.SecurityContextHolderAwareRequestFilter@280cb0b4, org.springframework.security.web.authentication.AnonymousAuthenticationFilter@23471f48, org.springframework.security.web.session.SessionManagementFilter@5e8633da, org.springframework.security.web.access.ExceptionTranslationFilter@4d609cc3, org.springframework.security.web.access.intercept.FilterSecurityInterceptor@29e8c09c]
2021-11-17 02:41:53.439  INFO 10500 --- [main] o.s.b.t.m.w.SpringBootMockServletContext : Initializing Spring TestDispatcherServlet ''
2021-11-17 02:41:53.439  INFO 10500 --- [main] o.s.t.web.servlet.TestDispatcherServlet  : Initializing Servlet ''
2021-11-17 02:41:53.440  INFO 10500 --- [main] o.s.t.web.servlet.TestDispatcherServlet  : Completed initialization in 1 ms
2021-11-17 02:41:53.453  INFO 10500 --- [main] c.d.quizapi.clients.AppControllerTest    : Started AppControllerTest in 8.181 seconds (JVM running for 8.863)
2021-11-17 02:41:53.871  INFO 10500 --- [main] tUsernameAndPasswordAuthenticationFilter : authentication.getPrincipal and instance of User class com.demo.quizapi.entities.ApplicationUser and what is the  authentication.getPrincipal ApplicationUser()
2021-11-17 02:41:53.907  INFO 10500 --- [main] tUsernameAndPasswordAuthenticationFilter : the token eyJhbGciOiJIUzM4NCJ9.eyJzdWIiOiJha3AuYW40ZjNpQHlhaG9vLmNvbSIsImlhdCI6MTYzNzExMzMxMywiZXhwIjoxNjM3NzA4NDAwfQ.1oSQSrdgxvGoTUXNKN3Y-jruT6oHAuiohmaMExTUnO29qOXAZqFTyc92Z-5LhVCL
2021-11-17 02:41:53.907  INFO 10500 --- [main] tUsernameAndPasswordAuthenticationFilter : user authorities ---> [ROLE_USER]
2021-11-17 02:41:53.907  INFO 10500 --- [main] tUsernameAndPasswordAuthenticationFilter : user email ---> akp.an4f3i@yahoo.com
2021-11-17 02:41:53.907  INFO 10500 --- [main] tUsernameAndPasswordAuthenticationFilter : user details ---> null
2021-11-17 02:41:53.983  INFO 10500 --- [main] c.d.q.s.userService.UserServiceImpl      : THE USER WE ARE ONBOARDING IS com.demo.quizapi.dao.UserDao@4f517209
2021-11-17 02:41:53.984  INFO 10500 --- [main] c.d.q.s.userService.UserServiceImpl      : existingBaseUser -> false
2021-11-17 02:41:54.232  INFO 10500 --- [main] tUsernameAndPasswordAuthenticationFilter : authentication.getPrincipal and instance of User class com.demo.quizapi.entities.ApplicationUser and what is the  authentication.getPrincipal ApplicationUser()
2021-11-17 02:41:54.233  INFO 10500 --- [main] tUsernameAndPasswordAuthenticationFilter : the token eyJhbGciOiJIUzM4NCJ9.eyJzdWIiOiJha3AuYW40ZjNpQHlhaG9vLmNvbSIsImlhdCI6MTYzNzExMzMxNCwiZXhwIjoxNjM3NzA4NDAwfQ.Az8FdFVSqtaPOwHhitL6ZbBTVcp7VmqafWyXjfl5Ebq9NLyVWz-7Fdn2bDe4276t
2021-11-17 02:41:54.233  INFO 10500 --- [main] tUsernameAndPasswordAuthenticationFilter : user authorities ---> [ROLE_USER]
2021-11-17 02:41:54.233  INFO 10500 --- [main] tUsernameAndPasswordAuthenticationFilter : user email ---> akp.an4f3i@yahoo.com
2021-11-17 02:41:54.233  INFO 10500 --- [main] tUsernameAndPasswordAuthenticationFilter : user details ---> null
2021-11-17 02:41:54.239  INFO 10500 --- [main] c.d.quizapi.clients.AppControllerTest    : the header is ->Bearer eyJhbGciOiJIUzM4NCJ9.eyJzdWIiOiJha3AuYW40ZjNpQHlhaG9vLmNvbSIsImlhdCI6MTYzNzExMzMxNCwiZXhwIjoxNjM3NzA4NDAwfQ.Az8FdFVSqtaPOwHhitL6ZbBTVcp7VmqafWyXjfl5Ebq9NLyVWz-7Fdn2bDe4276t
2021-11-17 02:41:54.259  INFO 10500 --- [main] c.d.q.services.jwt.JwtTokenVerifier      :  The authorities is as follows [ROLE_USER]
2021-11-17 02:41:54.408  INFO 10500 --- [main] tUsernameAndPasswordAuthenticationFilter : authentication.getPrincipal and instance of User class com.demo.quizapi.entities.ApplicationUser and what is the  authentication.getPrincipal ApplicationUser()
2021-11-17 02:41:54.409  INFO 10500 --- [main] tUsernameAndPasswordAuthenticationFilter : the token eyJhbGciOiJIUzM4NCJ9.eyJzdWIiOiJha3AuYW40ZjNpQHlhaG9vLmNvbSIsImlhdCI6MTYzNzExMzMxNCwiZXhwIjoxNjM3NzA4NDAwfQ.Az8FdFVSqtaPOwHhitL6ZbBTVcp7VmqafWyXjfl5Ebq9NLyVWz-7Fdn2bDe4276t
2021-11-17 02:41:54.409  INFO 10500 --- [main] tUsernameAndPasswordAuthenticationFilter : user authorities ---> [ROLE_USER]
2021-11-17 02:41:54.409  INFO 10500 --- [main] tUsernameAndPasswordAuthenticationFilter : user email ---> akp.an4f3i@yahoo.com
2021-11-17 02:41:54.409  INFO 10500 --- [main] tUsernameAndPasswordAuthenticationFilter : user details ---> null
2021-11-17 02:41:54.421  INFO 10500 --- [main] c.d.q.services.jwt.JwtTokenVerifier      :  The authorities is as follows [ROLE_USER]
2021-11-17 02:41:54.566  INFO 10500 --- [main] tUsernameAndPasswordAuthenticationFilter : authentication.getPrincipal and instance of User class com.demo.quizapi.entities.ApplicationUser and what is the  authentication.getPrincipal ApplicationUser()
2021-11-17 02:41:54.567  INFO 10500 --- [main] tUsernameAndPasswordAuthenticationFilter : the token eyJhbGciOiJIUzM4NCJ9.eyJzdWIiOiJha3AuYW40ZjNpQHlhaG9vLmNvbSIsImlhdCI6MTYzNzExMzMxNCwiZXhwIjoxNjM3NzA4NDAwfQ.Az8FdFVSqtaPOwHhitL6ZbBTVcp7VmqafWyXjfl5Ebq9NLyVWz-7Fdn2bDe4276t
2021-11-17 02:41:54.568  INFO 10500 --- [main] tUsernameAndPasswordAuthenticationFilter : user authorities ---> [ROLE_USER]
2021-11-17 02:41:54.568  INFO 10500 --- [main] tUsernameAndPasswordAuthenticationFilter : user email ---> akp.an4f3i@yahoo.com
2021-11-17 02:41:54.568  INFO 10500 --- [main] tUsernameAndPasswordAuthenticationFilter : user details ---> null
2021-11-17 02:41:54.579  INFO 10500 --- [main] c.d.q.services.jwt.JwtTokenVerifier      :  The authorities is as follows [ROLE_USER]
2021-11-17 02:41:54.581  INFO 10500 --- [main] c.d.q.c.context.SecurityContextConfig    : email -> akp.an4f3i@yahoo.com
2021-11-17 02:41:54.720  INFO 10500 --- [main] tUsernameAndPasswordAuthenticationFilter : authentication.getPrincipal and instance of User class com.demo.quizapi.entities.ApplicationUser and what is the  authentication.getPrincipal ApplicationUser()
2021-11-17 02:41:54.721  INFO 10500 --- [main] tUsernameAndPasswordAuthenticationFilter : the token eyJhbGciOiJIUzM4NCJ9.eyJzdWIiOiJha3AuYW40ZjNpQHlhaG9vLmNvbSIsImlhdCI6MTYzNzExMzMxNCwiZXhwIjoxNjM3NzA4NDAwfQ.Az8FdFVSqtaPOwHhitL6ZbBTVcp7VmqafWyXjfl5Ebq9NLyVWz-7Fdn2bDe4276t
2021-11-17 02:41:54.722  INFO 10500 --- [main] tUsernameAndPasswordAuthenticationFilter : user authorities ---> [ROLE_USER]
2021-11-17 02:41:54.722  INFO 10500 --- [main] tUsernameAndPasswordAuthenticationFilter : user email ---> akp.an4f3i@yahoo.com
2021-11-17 02:41:54.722  INFO 10500 --- [main] tUsernameAndPasswordAuthenticationFilter : user details ---> null
2021-11-17 02:41:54.732  INFO 10500 --- [main] c.d.q.services.jwt.JwtTokenVerifier      :  The authorities is as follows [ROLE_USER]
2021-11-17 02:41:54.883  INFO 10500 --- [main] tUsernameAndPasswordAuthenticationFilter : authentication.getPrincipal and instance of User class com.demo.quizapi.entities.ApplicationUser and what is the  authentication.getPrincipal ApplicationUser()
2021-11-17 02:41:54.884  INFO 10500 --- [main] tUsernameAndPasswordAuthenticationFilter : the token eyJhbGciOiJIUzM4NCJ9.eyJzdWIiOiJha3AuYW40ZjNpQHlhaG9vLmNvbSIsImlhdCI6MTYzNzExMzMxNCwiZXhwIjoxNjM3NzA4NDAwfQ.Az8FdFVSqtaPOwHhitL6ZbBTVcp7VmqafWyXjfl5Ebq9NLyVWz-7Fdn2bDe4276t
2021-11-17 02:41:54.884  INFO 10500 --- [main] tUsernameAndPasswordAuthenticationFilter : user authorities ---> [ROLE_USER]
2021-11-17 02:41:54.884  INFO 10500 --- [main] tUsernameAndPasswordAuthenticationFilter : user email ---> akp.an4f3i@yahoo.com
2021-11-17 02:41:54.884  INFO 10500 --- [main] tUsernameAndPasswordAuthenticationFilter : user details ---> null
2021-11-17 02:41:54.892  INFO 10500 --- [main] c.d.q.services.jwt.JwtTokenVerifier      :  The authorities is as follows [ROLE_USER]
2021-11-17 02:41:55.013  INFO 10500 --- [main] tUsernameAndPasswordAuthenticationFilter : authentication.getPrincipal and instance of User class com.demo.quizapi.entities.ApplicationUser and what is the  authentication.getPrincipal ApplicationUser()
2021-11-17 02:41:55.014  INFO 10500 --- [main] tUsernameAndPasswordAuthenticationFilter : the token eyJhbGciOiJIUzM4NCJ9.eyJzdWIiOiJha3AuYW40ZjNpQHlhaG9vLmNvbSIsImlhdCI6MTYzNzExMzMxNSwiZXhwIjoxNjM3NzA4NDAwfQ.RyV0ipZLFrHwMOZaA52xMhxpZfyvkLGAEsNgOAm620952nVG1Af85P6E9VpJ5e7u
2021-11-17 02:41:55.014  INFO 10500 --- [main] tUsernameAndPasswordAuthenticationFilter : user authorities ---> [ROLE_USER]
2021-11-17 02:41:55.014  INFO 10500 --- [main] tUsernameAndPasswordAuthenticationFilter : user email ---> akp.an4f3i@yahoo.com
2021-11-17 02:41:55.014  INFO 10500 --- [main] tUsernameAndPasswordAuthenticationFilter : user details ---> null
2021-11-17 02:41:55.022  INFO 10500 --- [main] c.d.q.services.jwt.JwtTokenVerifier      :  The authorities is as follows [ROLE_USER]
2021-11-17 02:41:55.022  INFO 10500 --- [main] c.d.q.c.context.SecurityContextConfig    : email -> akp.an4f3i@yahoo.com
2021-11-17 02:41:55.150  INFO 10500 --- [main] tUsernameAndPasswordAuthenticationFilter : authentication.getPrincipal and instance of User class com.demo.quizapi.entities.ApplicationUser and what is the  authentication.getPrincipal ApplicationUser()
2021-11-17 02:41:55.151  INFO 10500 --- [main] tUsernameAndPasswordAuthenticationFilter : the token eyJhbGciOiJIUzM4NCJ9.eyJzdWIiOiJha3AuYW40ZjNpQHlhaG9vLmNvbSIsImlhdCI6MTYzNzExMzMxNSwiZXhwIjoxNjM3NzA4NDAwfQ.RyV0ipZLFrHwMOZaA52xMhxpZfyvkLGAEsNgOAm620952nVG1Af85P6E9VpJ5e7u
2021-11-17 02:41:55.151  INFO 10500 --- [main] tUsernameAndPasswordAuthenticationFilter : user authorities ---> [ROLE_USER]
2021-11-17 02:41:55.152  INFO 10500 --- [main] tUsernameAndPasswordAuthenticationFilter : user email ---> akp.an4f3i@yahoo.com
2021-11-17 02:41:55.152  INFO 10500 --- [main] tUsernameAndPasswordAuthenticationFilter : user details ---> null
2021-11-17 02:41:55.160  INFO 10500 --- [main] c.d.q.services.jwt.JwtTokenVerifier      :  The authorities is as follows [ROLE_USER]
2021-11-17 02:41:55.161  INFO 10500 --- [main] c.d.q.c.context.SecurityContextConfig    : email -> akp.an4f3i@yahoo.com
2021-11-17 02:41:55.178  INFO 10500 --- [main] .b.t.c.SpringBootTestContextBootstrapper : Neither @ContextConfiguration nor @ContextHierarchy found for test class [com.demo.quizapi.repository.AnswerRepositoryTest], using SpringBootContextLoader
2021-11-17 02:41:55.180  INFO 10500 --- [main] o.s.t.c.support.AbstractContextLoader    : Could not detect default resource locations for test class [com.demo.quizapi.repository.AnswerRepositoryTest]: no resource found for suffixes {-context.xml, Context.groovy}.
2021-11-17 02:41:55.180  INFO 10500 --- [main] t.c.s.AnnotationConfigContextLoaderUtils : Could not detect default configuration classes for test class [com.demo.quizapi.repository.AnswerRepositoryTest]: AnswerRepositoryTest does not declare any static, non-private, non-final, nested classes annotated with @Configuration.
2021-11-17 02:41:55.184  INFO 10500 --- [main] .b.t.c.SpringBootTestContextBootstrapper : Found @SpringBootConfiguration com.demo.quizapi.QuizApiApplication for test class com.demo.quizapi.repository.AnswerRepositoryTest
2021-11-17 02:41:55.185  INFO 10500 --- [main] .b.t.c.SpringBootTestContextBootstrapper : Loaded default TestExecutionListener class names from location [META-INF/spring.factories]: [org.springframework.boot.test.mock.mockito.MockitoTestExecutionListener, org.springframework.boot.test.mock.mockito.ResetMocksTestExecutionListener, org.springframework.boot.test.autoconfigure.restdocs.RestDocsTestExecutionListener, org.springframework.boot.test.autoconfigure.web.client.MockRestServiceServerResetTestExecutionListener, org.springframework.boot.test.autoconfigure.web.servlet.MockMvcPrintOnlyOnFailureTestExecutionListener, org.springframework.boot.test.autoconfigure.web.servlet.WebDriverTestExecutionListener, org.springframework.boot.test.autoconfigure.webservices.client.MockWebServiceServerTestExecutionListener, org.springframework.test.context.web.ServletTestExecutionListener, org.springframework.test.context.support.DirtiesContextBeforeModesTestExecutionListener, org.springframework.test.context.event.ApplicationEventsTestExecutionListener, org.springframework.test.context.support.DependencyInjectionTestExecutionListener, org.springframework.test.context.support.DirtiesContextTestExecutionListener, org.springframework.test.context.transaction.TransactionalTestExecutionListener, org.springframework.test.context.jdbc.SqlScriptsTestExecutionListener, org.springframework.test.context.event.EventPublishingTestExecutionListener]
2021-11-17 02:41:55.185  INFO 10500 --- [main] .b.t.c.SpringBootTestContextBootstrapper : Using TestExecutionListeners: [org.springframework.test.context.web.ServletTestExecutionListener@80c17f, org.springframework.test.context.support.DirtiesContextBeforeModesTestExecutionListener@13aec952, org.springframework.test.context.event.ApplicationEventsTestExecutionListener@37e4b21b, org.springframework.boot.test.mock.mockito.MockitoTestExecutionListener@18392e47, org.springframework.boot.test.autoconfigure.SpringBootDependencyInjectionTestExecutionListener@1eb49f06, org.springframework.test.context.support.DirtiesContextTestExecutionListener@7b3521db, org.springframework.test.context.transaction.TransactionalTestExecutionListener@695330cc, org.springframework.test.context.jdbc.SqlScriptsTestExecutionListener@38c960b7, org.springframework.test.context.event.EventPublishingTestExecutionListener@23f9407, org.springframework.boot.test.mock.mockito.ResetMocksTestExecutionListener@50d65662, org.springframework.boot.test.autoconfigure.restdocs.RestDocsTestExecutionListener@20f3c9e4, org.springframework.boot.test.autoconfigure.web.client.MockRestServiceServerResetTestExecutionListener@53ccd995, org.springframework.boot.test.autoconfigure.web.servlet.MockMvcPrintOnlyOnFailureTestExecutionListener@2dadf047, org.springframework.boot.test.autoconfigure.web.servlet.WebDriverTestExecutionListener@4faad6d6, org.springframework.boot.test.autoconfigure.webservices.client.MockWebServiceServerTestExecutionListener@71a88a2e]
2021-11-17 02:41:55.204  INFO 10500 --- [main] c.d.q.repository.AnswerRepositoryTest    : Starting AnswerRepositoryTest using Java 13.0.7 on Aniefioks-MacBook-Air.local with PID 10500 (started by zanio in /Users/zanio/Documents/www/learning/quizApi)
2021-11-17 02:41:55.204  INFO 10500 --- [main] c.d.q.repository.AnswerRepositoryTest    : The following profiles are active: test
2021-11-17 02:41:55.299  INFO 10500 --- [main] .s.d.r.c.RepositoryConfigurationDelegate : Bootstrapping Spring Data JPA repositories in DEFAULT mode.
2021-11-17 02:41:55.310  INFO 10500 --- [main] .s.d.r.c.RepositoryConfigurationDelegate : Finished Spring Data repository scanning in 11 ms. Found 5 JPA repository interfaces.
2021-11-17 02:41:55.346  INFO 10500 --- [main] trationDelegate$BeanPostProcessorChecker : Bean 'org.springframework.security.access.expression.method.DefaultMethodSecurityExpressionHandler@219335e0' of type [org.springframework.security.access.expression.method.DefaultMethodSecurityExpressionHandler] is not eligible for getting processed by all BeanPostProcessors (for example: not eligible for auto-proxying)
2021-11-17 02:41:55.350  INFO 10500 --- [main] trationDelegate$BeanPostProcessorChecker : Bean 'methodSecurityMetadataSource' of type [org.springframework.security.access.method.DelegatingMethodSecurityMetadataSource] is not eligible for getting processed by all BeanPostProcessors (for example: not eligible for auto-proxying)
2021-11-17 02:41:55.383  INFO 10500 --- [main] o.hibernate.jpa.internal.util.LogHelper  : HHH000204: Processing PersistenceUnitInfo [name: default]
2021-11-17 02:41:55.386  INFO 10500 --- [main] com.zaxxer.hikari.HikariDataSource       : HikariPool-2 - Starting...
2021-11-17 02:41:55.390  INFO 10500 --- [main] com.zaxxer.hikari.HikariDataSource       : HikariPool-2 - Start completed.
2021-11-17 02:41:55.391  INFO 10500 --- [main] org.hibernate.dialect.Dialect            : HHH000400: Using dialect: org.hibernate.dialect.PostgreSQLDialect
2021-11-17 02:41:55.498  INFO 10500 --- [main] o.h.e.t.j.p.i.JtaPlatformInitiator       : HHH000490: Using JtaPlatform implementation: [org.hibernate.engine.transaction.jta.platform.internal.NoJtaPlatform]
2021-11-17 02:41:55.498  INFO 10500 --- [main] j.LocalContainerEntityManagerFactoryBean : Initialized JPA EntityManagerFactory for persistence unit 'default'
2021-11-17 02:41:55.554  WARN 10500 --- [main] c.d.q.config.flyway.FlywayConfiguration  : THE APPLICATION PROPERTIES FILE IS AS FOLLOWS::: ==> AppProperties(emailSender=null, awsAccessKey=null, awsSecretKey=null, awsEmail=null, host=null, port=null, username=null, password=null, smtpStarttlsPropertiesEnable=null, smtpPropertiesAuth=null, sslEnabled=null, flywayLocation=migration/test, redisHost=null, redisPort=null, commissionOnDonation=null, transactionFee=null, openExchangeAppId=null, defaultTtl=null, redisDatabase=0, cacheTtl=null, pusher=null, africaTalking=null, rabbitmq=null, placeholders=null)
2021-11-17 02:41:55.555  INFO 10500 --- [main] o.f.c.internal.license.VersionPrinter    : Flyway Community Edition 7.10.0 by Redgate
2021-11-17 02:41:55.560  INFO 10500 --- [main] o.f.c.i.database.base.BaseDatabaseType   : Database: jdbc:postgresql://localhost:5432/quiz_test_db (PostgreSQL 13.3)
2021-11-17 02:41:55.565  INFO 10500 --- [main] o.f.core.internal.command.DbValidate     : Successfully validated 1 migration (execution time 00:00.001s)
2021-11-17 02:41:55.567  INFO 10500 --- [main] o.f.core.internal.command.DbMigrate      : Current version of schema "public": 1
2021-11-17 02:41:55.567  INFO 10500 --- [main] o.f.core.internal.command.DbMigrate      : Schema "public" is up to date. No migration necessary.
2021-11-17 02:41:55.580  WARN 10500 --- [main] JpaBaseConfiguration$JpaWebConfiguration : spring.jpa.open-in-view is enabled by default. Therefore, database queries may be performed during view rendering. Explicitly configure spring.jpa.open-in-view to disable this warning
2021-11-17 02:41:55.688  INFO 10500 --- [main] o.s.s.w.a.c.ChannelProcessingFilter      : Validated configuration attributes
2021-11-17 02:41:55.690  INFO 10500 --- [main] o.s.s.web.DefaultSecurityFilterChain     : Will secure any request with [org.springframework.security.web.access.channel.ChannelProcessingFilter@5b372a39, org.springframework.security.web.context.request.async.WebAsyncManagerIntegrationFilter@563ec2a0, org.springframework.security.web.context.SecurityContextPersistenceFilter@4b840b9d, org.springframework.security.web.header.HeaderWriterFilter@3a166435, org.springframework.web.filter.CorsFilter@5a3b3ea6, com.demo.quizapi.services.jwt.JwtUsernameAndPasswordAuthenticationFilter@c65d77c, com.demo.quizapi.services.jwt.JwtTokenVerifier@6ee1522b, org.springframework.security.web.savedrequest.RequestCacheAwareFilter@3eb452ca, org.springframework.security.web.servletapi.SecurityContextHolderAwareRequestFilter@370aaee5, org.springframework.security.web.authentication.AnonymousAuthenticationFilter@4e6aa695, org.springframework.security.web.session.SessionManagementFilter@6dd11d81, org.springframework.security.web.access.ExceptionTranslationFilter@116c8532, org.springframework.security.web.access.intercept.FilterSecurityInterceptor@35884aff]
2021-11-17 02:41:55.846  INFO 10500 --- [main] c.d.q.repository.AnswerRepositoryTest    : Started AnswerRepositoryTest in 0.658 seconds (JVM running for 11.257)
2021-11-17 02:41:56.429  INFO 10500 --- [main] .b.t.c.SpringBootTestContextBootstrapper : Neither @ContextConfiguration nor @ContextHierarchy found for test class [com.demo.quizapi.repository.ApiTokenRepositoryTest], using SpringBootContextLoader
2021-11-17 02:41:56.430  INFO 10500 --- [main] o.s.t.c.support.AbstractContextLoader    : Could not detect default resource locations for test class [com.demo.quizapi.repository.ApiTokenRepositoryTest]: no resource found for suffixes {-context.xml, Context.groovy}.
2021-11-17 02:41:56.430  INFO 10500 --- [main] t.c.s.AnnotationConfigContextLoaderUtils : Could not detect default configuration classes for test class [com.demo.quizapi.repository.ApiTokenRepositoryTest]: ApiTokenRepositoryTest does not declare any static, non-private, non-final, nested classes annotated with @Configuration.
2021-11-17 02:41:56.431  INFO 10500 --- [main] .b.t.c.SpringBootTestContextBootstrapper : Found @SpringBootConfiguration com.demo.quizapi.QuizApiApplication for test class com.demo.quizapi.repository.ApiTokenRepositoryTest
2021-11-17 02:41:56.431  INFO 10500 --- [main] .b.t.c.SpringBootTestContextBootstrapper : Loaded default TestExecutionListener class names from location [META-INF/spring.factories]: [org.springframework.boot.test.mock.mockito.MockitoTestExecutionListener, org.springframework.boot.test.mock.mockito.ResetMocksTestExecutionListener, org.springframework.boot.test.autoconfigure.restdocs.RestDocsTestExecutionListener, org.springframework.boot.test.autoconfigure.web.client.MockRestServiceServerResetTestExecutionListener, org.springframework.boot.test.autoconfigure.web.servlet.MockMvcPrintOnlyOnFailureTestExecutionListener, org.springframework.boot.test.autoconfigure.web.servlet.WebDriverTestExecutionListener, org.springframework.boot.test.autoconfigure.webservices.client.MockWebServiceServerTestExecutionListener, org.springframework.test.context.web.ServletTestExecutionListener, org.springframework.test.context.support.DirtiesContextBeforeModesTestExecutionListener, org.springframework.test.context.event.ApplicationEventsTestExecutionListener, org.springframework.test.context.support.DependencyInjectionTestExecutionListener, org.springframework.test.context.support.DirtiesContextTestExecutionListener, org.springframework.test.context.transaction.TransactionalTestExecutionListener, org.springframework.test.context.jdbc.SqlScriptsTestExecutionListener, org.springframework.test.context.event.EventPublishingTestExecutionListener]
2021-11-17 02:41:56.432  INFO 10500 --- [main] .b.t.c.SpringBootTestContextBootstrapper : Using TestExecutionListeners: [org.springframework.test.context.web.ServletTestExecutionListener@572b709e, org.springframework.test.context.support.DirtiesContextBeforeModesTestExecutionListener@69915595, org.springframework.test.context.event.ApplicationEventsTestExecutionListener@269e7adb, org.springframework.boot.test.mock.mockito.MockitoTestExecutionListener@2f57b8, org.springframework.boot.test.autoconfigure.SpringBootDependencyInjectionTestExecutionListener@c8c78a3, org.springframework.test.context.support.DirtiesContextTestExecutionListener@6f52b95a, org.springframework.test.context.transaction.TransactionalTestExecutionListener@3a4f4ec9, org.springframework.test.context.jdbc.SqlScriptsTestExecutionListener@40a75caf, org.springframework.test.context.event.EventPublishingTestExecutionListener@2f816d78, org.springframework.boot.test.mock.mockito.ResetMocksTestExecutionListener@556389bb, org.springframework.boot.test.autoconfigure.restdocs.RestDocsTestExecutionListener@159aacd8, org.springframework.boot.test.autoconfigure.web.client.MockRestServiceServerResetTestExecutionListener@6f22c8e0, org.springframework.boot.test.autoconfigure.web.servlet.MockMvcPrintOnlyOnFailureTestExecutionListener@4b6c92d1, org.springframework.boot.test.autoconfigure.web.servlet.WebDriverTestExecutionListener@28be456, org.springframework.boot.test.autoconfigure.webservices.client.MockWebServiceServerTestExecutionListener@42b764b3]
2021-11-17 02:41:56.449  INFO 10500 --- [main] .b.t.c.SpringBootTestContextBootstrapper : Neither @ContextConfiguration nor @ContextHierarchy found for test class [com.demo.quizapi.QuizApiApplicationTest], using SpringBootContextLoader
2021-11-17 02:41:56.450  INFO 10500 --- [main] o.s.t.c.support.AbstractContextLoader    : Could not detect default resource locations for test class [com.demo.quizapi.QuizApiApplicationTest]: no resource found for suffixes {-context.xml, Context.groovy}.
2021-11-17 02:41:56.450  INFO 10500 --- [main] t.c.s.AnnotationConfigContextLoaderUtils : Could not detect default configuration classes for test class [com.demo.quizapi.QuizApiApplicationTest]: QuizApiApplicationTest does not declare any static, non-private, non-final, nested classes annotated with @Configuration.
2021-11-17 02:41:56.452  INFO 10500 --- [main] .b.t.c.SpringBootTestContextBootstrapper : Found @SpringBootConfiguration com.demo.quizapi.QuizApiApplication for test class com.demo.quizapi.QuizApiApplicationTest
2021-11-17 02:41:56.453  INFO 10500 --- [main] .b.t.c.SpringBootTestContextBootstrapper : Loaded default TestExecutionListener class names from location [META-INF/spring.factories]: [org.springframework.boot.test.mock.mockito.MockitoTestExecutionListener, org.springframework.boot.test.mock.mockito.ResetMocksTestExecutionListener, org.springframework.boot.test.autoconfigure.restdocs.RestDocsTestExecutionListener, org.springframework.boot.test.autoconfigure.web.client.MockRestServiceServerResetTestExecutionListener, org.springframework.boot.test.autoconfigure.web.servlet.MockMvcPrintOnlyOnFailureTestExecutionListener, org.springframework.boot.test.autoconfigure.web.servlet.WebDriverTestExecutionListener, org.springframework.boot.test.autoconfigure.webservices.client.MockWebServiceServerTestExecutionListener, org.springframework.test.context.web.ServletTestExecutionListener, org.springframework.test.context.support.DirtiesContextBeforeModesTestExecutionListener, org.springframework.test.context.event.ApplicationEventsTestExecutionListener, org.springframework.test.context.support.DependencyInjectionTestExecutionListener, org.springframework.test.context.support.DirtiesContextTestExecutionListener, org.springframework.test.context.transaction.TransactionalTestExecutionListener, org.springframework.test.context.jdbc.SqlScriptsTestExecutionListener, org.springframework.test.context.event.EventPublishingTestExecutionListener]
2021-11-17 02:41:56.453  INFO 10500 --- [main] .b.t.c.SpringBootTestContextBootstrapper : Using TestExecutionListeners: [org.springframework.test.context.web.ServletTestExecutionListener@24eb0b25, org.springframework.test.context.support.DirtiesContextBeforeModesTestExecutionListener@7b38b91f, org.springframework.test.context.event.ApplicationEventsTestExecutionListener@60f96421, org.springframework.boot.test.mock.mockito.MockitoTestExecutionListener@d8ed2b3, org.springframework.boot.test.autoconfigure.SpringBootDependencyInjectionTestExecutionListener@71404204, org.springframework.test.context.support.DirtiesContextTestExecutionListener@4f8efd72, org.springframework.test.context.transaction.TransactionalTestExecutionListener@647d40ce, org.springframework.test.context.jdbc.SqlScriptsTestExecutionListener@1f1d1db8, org.springframework.test.context.event.EventPublishingTestExecutionListener@6c3e2c3d, org.springframework.boot.test.mock.mockito.ResetMocksTestExecutionListener@546329a5, org.springframework.boot.test.autoconfigure.restdocs.RestDocsTestExecutionListener@5a9668d7, org.springframework.boot.test.autoconfigure.web.client.MockRestServiceServerResetTestExecutionListener@2d915ee0, org.springframework.boot.test.autoconfigure.web.servlet.MockMvcPrintOnlyOnFailureTestExecutionListener@3053c0ab, org.springframework.boot.test.autoconfigure.web.servlet.WebDriverTestExecutionListener@7d30f905, org.springframework.boot.test.autoconfigure.webservices.client.MockWebServiceServerTestExecutionListener@1489e6a4]
2021-11-17 02:42:01.489  INFO 10500 --- [main] com.demo.quizapi.QuizApiApplicationTest  : Starting QuizApiApplicationTest using Java 13.0.7 on Aniefioks-MacBook-Air.local with PID 10500 (started by zanio in /Users/zanio/Documents/www/learning/quizApi)
2021-11-17 02:42:01.490  INFO 10500 --- [main] com.demo.quizapi.QuizApiApplicationTest  : The following profiles are active: test
2021-11-17 02:42:01.800  INFO 10500 --- [main] .s.d.r.c.RepositoryConfigurationDelegate : Bootstrapping Spring Data JPA repositories in DEFAULT mode.
2021-11-17 02:42:01.854  INFO 10500 --- [main] .s.d.r.c.RepositoryConfigurationDelegate : Finished Spring Data repository scanning in 40 ms. Found 5 JPA repository interfaces.
2021-11-17 02:42:01.901  INFO 10500 --- [main] trationDelegate$BeanPostProcessorChecker : Bean 'org.springframework.security.access.expression.method.DefaultMethodSecurityExpressionHandler@50d70828' of type [org.springframework.security.access.expression.method.DefaultMethodSecurityExpressionHandler] is not eligible for getting processed by all BeanPostProcessors (for example: not eligible for auto-proxying)
2021-11-17 02:42:01.905  INFO 10500 --- [main] trationDelegate$BeanPostProcessorChecker : Bean 'methodSecurityMetadataSource' of type [org.springframework.security.access.method.DelegatingMethodSecurityMetadataSource] is not eligible for getting processed by all BeanPostProcessors (for example: not eligible for auto-proxying)
2021-11-17 02:42:01.932  INFO 10500 --- [main] o.hibernate.jpa.internal.util.LogHelper  : HHH000204: Processing PersistenceUnitInfo [name: default]
2021-11-17 02:42:01.935  INFO 10500 --- [main] com.zaxxer.hikari.HikariDataSource       : HikariPool-3 - Starting...
2021-11-17 02:42:01.946  INFO 10500 --- [main] com.zaxxer.hikari.HikariDataSource       : HikariPool-3 - Start completed.
2021-11-17 02:42:01.946  INFO 10500 --- [main] org.hibernate.dialect.Dialect            : HHH000400: Using dialect: org.hibernate.dialect.PostgreSQLDialect
2021-11-17 02:42:02.109  INFO 10500 --- [main] o.h.e.t.j.p.i.JtaPlatformInitiator       : HHH000490: Using JtaPlatform implementation: [org.hibernate.engine.transaction.jta.platform.internal.NoJtaPlatform]
2021-11-17 02:42:02.109  INFO 10500 --- [main] j.LocalContainerEntityManagerFactoryBean : Initialized JPA EntityManagerFactory for persistence unit 'default'
2021-11-17 02:42:02.152  WARN 10500 --- [main] c.d.q.config.flyway.FlywayConfiguration  : THE APPLICATION PROPERTIES FILE IS AS FOLLOWS::: ==> AppProperties(emailSender=null, awsAccessKey=null, awsSecretKey=null, awsEmail=null, host=null, port=null, username=null, password=null, smtpStarttlsPropertiesEnable=null, smtpPropertiesAuth=null, sslEnabled=null, flywayLocation=migration/test, redisHost=null, redisPort=null, commissionOnDonation=null, transactionFee=null, openExchangeAppId=null, defaultTtl=null, redisDatabase=0, cacheTtl=null, pusher=null, africaTalking=null, rabbitmq=null, placeholders=null)
2021-11-17 02:42:02.152  INFO 10500 --- [main] o.f.c.internal.license.VersionPrinter    : Flyway Community Edition 7.10.0 by Redgate
2021-11-17 02:42:02.153  INFO 10500 --- [main] o.f.c.i.database.base.BaseDatabaseType   : Database: jdbc:postgresql://localhost:5432/quiz_test_db (PostgreSQL 13.3)
2021-11-17 02:42:02.165  INFO 10500 --- [main] o.f.core.internal.command.DbValidate     : Successfully validated 1 migration (execution time 00:00.001s)
2021-11-17 02:42:02.166  INFO 10500 --- [main] o.f.core.internal.command.DbMigrate      : Current version of schema "public": 1
2021-11-17 02:42:02.167  INFO 10500 --- [main] o.f.core.internal.command.DbMigrate      : Schema "public" is up to date. No migration necessary.
2021-11-17 02:42:02.187  WARN 10500 --- [main] JpaBaseConfiguration$JpaWebConfiguration : spring.jpa.open-in-view is enabled by default. Therefore, database queries may be performed during view rendering. Explicitly configure spring.jpa.open-in-view to disable this warning
2021-11-17 02:42:02.347  INFO 10500 --- [main] o.s.s.w.a.c.ChannelProcessingFilter      : Validated configuration attributes
2021-11-17 02:42:02.350  INFO 10500 --- [main] o.s.s.web.DefaultSecurityFilterChain     : Will secure any request with [org.springframework.security.web.access.channel.ChannelProcessingFilter@35fd00a0, org.springframework.security.web.context.request.async.WebAsyncManagerIntegrationFilter@637024a5, org.springframework.security.web.context.SecurityContextPersistenceFilter@3a127fa, org.springframework.security.web.header.HeaderWriterFilter@134b192e, org.springframework.web.filter.CorsFilter@58cfd81, com.demo.quizapi.services.jwt.JwtUsernameAndPasswordAuthenticationFilter@dce1556, com.demo.quizapi.services.jwt.JwtTokenVerifier@50ebfc4f, org.springframework.security.web.savedrequest.RequestCacheAwareFilter@4a46d7bd, org.springframework.security.web.servletapi.SecurityContextHolderAwareRequestFilter@10f25b2, org.springframework.security.web.authentication.AnonymousAuthenticationFilter@32dcaffb, org.springframework.security.web.session.SessionManagementFilter@aae2f9e, org.springframework.security.web.access.ExceptionTranslationFilter@499b6ed, org.springframework.security.web.access.intercept.FilterSecurityInterceptor@5d60139c]
2021-11-17 02:42:02.574  INFO 10500 --- [main] com.demo.quizapi.QuizApiApplicationTest  : Started QuizApiApplicationTest in 6.12 seconds (JVM running for 17.985)
2021-11-17 02:42:02.594  INFO 10500 --- [SpringApplicationShutdownHook] j.LocalContainerEntityManagerFactoryBean : Closing JPA EntityManagerFactory for persistence unit 'default'
2021-11-17 02:42:02.596  INFO 10500 --- [SpringApplicationShutdownHook] com.zaxxer.hikari.HikariDataSource       : HikariPool-1 - Shutdown initiated...
2021-11-17 02:42:02.613  INFO 10500 --- [SpringApplicationShutdownHook] com.zaxxer.hikari.HikariDataSource       : HikariPool-1 - Shutdown completed.
2021-11-17 02:42:02.617  INFO 10500 --- [SpringApplicationShutdownHook] j.LocalContainerEntityManagerFactoryBean : Closing JPA EntityManagerFactory for persistence unit 'default'
2021-11-17 02:42:02.618  INFO 10500 --- [SpringApplicationShutdownHook] com.zaxxer.hikari.HikariDataSource       : HikariPool-2 - Shutdown initiated...
2021-11-17 02:42:02.627  INFO 10500 --- [SpringApplicationShutdownHook] com.zaxxer.hikari.HikariDataSource       : HikariPool-2 - Shutdown completed.
2021-11-17 02:42:02.634  INFO 10500 --- [SpringApplicationShutdownHook] j.LocalContainerEntityManagerFactoryBean : Closing JPA EntityManagerFactory for persistence unit 'default'
2021-11-17 02:42:02.636  INFO 10500 --- [SpringApplicationShutdownHook] com.zaxxer.hikari.HikariDataSource       : HikariPool-3 - Shutdown initiated...
2021-11-17 02:42:02.637  INFO 10500 --- [SpringApplicationShutdownHook] com.zaxxer.hikari.HikariDataSource       : HikariPool-3 - Shutdown completed.
